{"/home/artem/projects/React/tech_assessment_cra/src/App.tsx": {"path":"/home/artem/projects/React/tech_assessment_cra/src/App.tsx","statementMap":{"0":{"start":{"line":9,"column":2},"end":{"line":9,"column":80}},"1":{"start":{"line":10,"column":2},"end":{"line":25,"column":4}}},"fnMap":{"0":{"name":"App","decl":{"start":{"line":8,"column":9},"end":{"line":8,"column":12}},"loc":{"start":{"line":8,"column":15},"end":{"line":26,"column":1}},"line":8}},"branchMap":{},"s":{"0":0,"1":0},"f":{"0":0},"b":{}}
,"/home/artem/projects/React/tech_assessment_cra/src/index.tsx": {"path":"/home/artem/projects/React/tech_assessment_cra/src/index.tsx","statementMap":{"0":{"start":{"line":8,"column":13},"end":{"line":8,"column":80}},"1":{"start":{"line":9,"column":0},"end":{"line":15,"column":2}},"2":{"start":{"line":20,"column":0},"end":{"line":20,"column":18}}},"fnMap":{},"branchMap":{},"s":{"0":0,"1":0,"2":0},"f":{},"b":{}}
,"/home/artem/projects/React/tech_assessment_cra/src/reportWebVitals.ts": {"path":"/home/artem/projects/React/tech_assessment_cra/src/reportWebVitals.ts","statementMap":{"0":{"start":{"line":3,"column":24},"end":{"line":13,"column":1}},"1":{"start":{"line":4,"column":2},"end":{"line":12,"column":3}},"2":{"start":{"line":5,"column":4},"end":{"line":11,"column":7}},"3":{"start":{"line":6,"column":6},"end":{"line":6,"column":26}},"4":{"start":{"line":7,"column":6},"end":{"line":7,"column":26}},"5":{"start":{"line":8,"column":6},"end":{"line":8,"column":26}},"6":{"start":{"line":9,"column":6},"end":{"line":9,"column":26}},"7":{"start":{"line":10,"column":6},"end":{"line":10,"column":27}}},"fnMap":{"0":{"name":"(anonymous_0)","decl":{"start":{"line":3,"column":24},"end":{"line":3,"column":25}},"loc":{"start":{"line":3,"column":57},"end":{"line":13,"column":1}},"line":3},"1":{"name":"(anonymous_1)","decl":{"start":{"line":5,"column":30},"end":{"line":5,"column":31}},"loc":{"start":{"line":5,"column":79},"end":{"line":11,"column":5}},"line":5}},"branchMap":{"0":{"loc":{"start":{"line":4,"column":2},"end":{"line":12,"column":3}},"type":"if","locations":[{"start":{"line":4,"column":2},"end":{"line":12,"column":3}},{"start":{},"end":{}}],"line":4},"1":{"loc":{"start":{"line":4,"column":6},"end":{"line":4,"column":52}},"type":"binary-expr","locations":[{"start":{"line":4,"column":6},"end":{"line":4,"column":17}},{"start":{"line":4,"column":21},"end":{"line":4,"column":52}}],"line":4}},"s":{"0":0,"1":0,"2":0,"3":0,"4":0,"5":0,"6":0,"7":0},"f":{"0":0,"1":0},"b":{"0":[0,0],"1":[0,0]}}
,"/home/artem/projects/React/tech_assessment_cra/src/components/Footer/index.tsx": {"path":"/home/artem/projects/React/tech_assessment_cra/src/components/Footer/index.tsx","statementMap":{"0":{"start":{"line":2,"column":41},"end":{"line":8,"column":1}},"1":{"start":{"line":10,"column":15},"end":{"line":23,"column":1}},"2":{"start":{"line":11,"column":2},"end":{"line":22,"column":4}},"3":{"start":{"line":14,"column":8},"end":{"line":19,"column":10}}},"fnMap":{"0":{"name":"(anonymous_0)","decl":{"start":{"line":10,"column":15},"end":{"line":10,"column":16}},"loc":{"start":{"line":10,"column":34},"end":{"line":23,"column":1}},"line":10},"1":{"name":"(anonymous_1)","decl":{"start":{"line":13,"column":17},"end":{"line":13,"column":18}},"loc":{"start":{"line":13,"column":34},"end":{"line":20,"column":7}},"line":13}},"branchMap":{"0":{"loc":{"start":{"line":17,"column":13},"end":{"line":17,"column":51}},"type":"cond-expr","locations":[{"start":{"line":17,"column":42},"end":{"line":17,"column":46}},{"start":{"line":17,"column":49},"end":{"line":17,"column":51}}],"line":17}},"s":{"0":1,"1":1,"2":1,"3":5},"f":{"0":1,"1":5},"b":{"0":[4,1]},"_coverageSchema":"1a1c01bbd47fc00a2c39e90264f33305004495a9","hash":"22a81365402b60081d7abd103c3b432ec6e17e6a"}
,"/home/artem/projects/React/tech_assessment_cra/src/components/Header/index.tsx": {"path":"/home/artem/projects/React/tech_assessment_cra/src/components/Header/index.tsx","statementMap":{"0":{"start":{"line":12,"column":15},"end":{"line":114,"column":1}},"1":{"start":{"line":13,"column":38},"end":{"line":13,"column":53}},"2":{"start":{"line":14,"column":38},"end":{"line":14,"column":72}},"3":{"start":{"line":16,"column":26},"end":{"line":18,"column":3}},"4":{"start":{"line":17,"column":4},"end":{"line":17,"column":41}},"5":{"start":{"line":20,"column":15},"end":{"line":20,"column":32}},"6":{"start":{"line":22,"column":28},"end":{"line":24,"column":3}},"7":{"start":{"line":23,"column":4},"end":{"line":23,"column":24}},"8":{"start":{"line":25,"column":26},"end":{"line":27,"column":3}},"9":{"start":{"line":26,"column":4},"end":{"line":26,"column":26}},"10":{"start":{"line":29,"column":25},"end":{"line":32,"column":3}},"11":{"start":{"line":30,"column":4},"end":{"line":30,"column":23}},"12":{"start":{"line":31,"column":4},"end":{"line":31,"column":26}},"13":{"start":{"line":34,"column":2},"end":{"line":113,"column":4}},"14":{"start":{"line":60,"column":10},"end":{"line":60,"column":30}}},"fnMap":{"0":{"name":"(anonymous_0)","decl":{"start":{"line":12,"column":15},"end":{"line":12,"column":16}},"loc":{"start":{"line":12,"column":34},"end":{"line":114,"column":1}},"line":12},"1":{"name":"(anonymous_1)","decl":{"start":{"line":16,"column":26},"end":{"line":16,"column":27}},"loc":{"start":{"line":16,"column":74},"end":{"line":18,"column":3}},"line":16},"2":{"name":"(anonymous_2)","decl":{"start":{"line":22,"column":28},"end":{"line":22,"column":29}},"loc":{"start":{"line":22,"column":34},"end":{"line":24,"column":3}},"line":22},"3":{"name":"(anonymous_3)","decl":{"start":{"line":25,"column":26},"end":{"line":25,"column":27}},"loc":{"start":{"line":25,"column":32},"end":{"line":27,"column":3}},"line":25},"4":{"name":"(anonymous_4)","decl":{"start":{"line":29,"column":25},"end":{"line":29,"column":26}},"loc":{"start":{"line":29,"column":31},"end":{"line":32,"column":3}},"line":29},"5":{"name":"(anonymous_5)","decl":{"start":{"line":59,"column":17},"end":{"line":59,"column":18}},"loc":{"start":{"line":59,"column":23},"end":{"line":61,"column":9}},"line":59}},"branchMap":{"0":{"loc":{"start":{"line":48,"column":25},"end":{"line":48,"column":56}},"type":"cond-expr","locations":[{"start":{"line":48,"column":32},"end":{"line":48,"column":44}},{"start":{"line":48,"column":47},"end":{"line":48,"column":56}}],"line":48},"1":{"loc":{"start":{"line":50,"column":25},"end":{"line":50,"column":50}},"type":"cond-expr","locations":[{"start":{"line":50,"column":32},"end":{"line":50,"column":38}},{"start":{"line":50,"column":41},"end":{"line":50,"column":50}}],"line":50}},"s":{"0":1,"1":13,"2":13,"3":13,"4":3,"5":13,"6":13,"7":2,"8":13,"9":1,"10":13,"11":2,"12":2,"13":13,"14":1},"f":{"0":13,"1":3,"2":2,"3":1,"4":2,"5":1},"b":{"0":[3,10],"1":[3,10]},"_coverageSchema":"1a1c01bbd47fc00a2c39e90264f33305004495a9","hash":"4871f205443929033cce79005ac297276ce1cdc8"}
,"/home/artem/projects/React/tech_assessment_cra/src/components/lang_selector/index.tsx": {"path":"/home/artem/projects/React/tech_assessment_cra/src/components/lang_selector/index.tsx","statementMap":{"0":{"start":{"line":21,"column":19},"end":{"line":26,"column":1}},"1":{"start":{"line":22,"column":16},"end":{"line":22,"column":95}},"2":{"start":{"line":22,"column":44},"end":{"line":22,"column":82}},"3":{"start":{"line":23,"column":16},"end":{"line":23,"column":95}},"4":{"start":{"line":23,"column":44},"end":{"line":23,"column":82}},"5":{"start":{"line":24,"column":18},"end":{"line":24,"column":99}},"6":{"start":{"line":24,"column":46},"end":{"line":24,"column":86}},"7":{"start":{"line":25,"column":2},"end":{"line":25,"column":35}},"8":{"start":{"line":28,"column":25},"end":{"line":90,"column":1}},"9":{"start":{"line":29,"column":31},"end":{"line":29,"column":54}},"10":{"start":{"line":30,"column":24},"end":{"line":30,"column":52}},"11":{"start":{"line":31,"column":25},"end":{"line":31,"column":51}},"12":{"start":{"line":33,"column":28},"end":{"line":36,"column":3}},"13":{"start":{"line":34,"column":10},"end":{"line":34,"column":67}},"14":{"start":{"line":38,"column":53},"end":{"line":38,"column":55}},"15":{"start":{"line":40,"column":35},"end":{"line":40,"column":37}},"16":{"start":{"line":41,"column":2},"end":{"line":50,"column":3}},"17":{"start":{"line":42,"column":24},"end":{"line":42,"column":71}},"18":{"start":{"line":43,"column":17},"end":{"line":43,"column":33}},"19":{"start":{"line":44,"column":4},"end":{"line":44,"column":44}},"20":{"start":{"line":45,"column":4},"end":{"line":49,"column":6}},"21":{"start":{"line":52,"column":22},"end":{"line":56,"column":3}},"22":{"start":{"line":53,"column":21},"end":{"line":53,"column":53}},"23":{"start":{"line":54,"column":4},"end":{"line":54,"column":37}},"24":{"start":{"line":55,"column":4},"end":{"line":55,"column":46}},"25":{"start":{"line":58,"column":2},"end":{"line":89,"column":4}},"26":{"start":{"line":65,"column":33},"end":{"line":65,"column":93}},"27":{"start":{"line":66,"column":36},"end":{"line":66,"column":47}}},"fnMap":{"0":{"name":"(anonymous_0)","decl":{"start":{"line":21,"column":19},"end":{"line":21,"column":20}},"loc":{"start":{"line":21,"column":64},"end":{"line":26,"column":1}},"line":21},"1":{"name":"(anonymous_1)","decl":{"start":{"line":22,"column":32},"end":{"line":22,"column":33}},"loc":{"start":{"line":22,"column":44},"end":{"line":22,"column":82}},"line":22},"2":{"name":"(anonymous_2)","decl":{"start":{"line":23,"column":32},"end":{"line":23,"column":33}},"loc":{"start":{"line":23,"column":44},"end":{"line":23,"column":82}},"line":23},"3":{"name":"(anonymous_3)","decl":{"start":{"line":24,"column":34},"end":{"line":24,"column":35}},"loc":{"start":{"line":24,"column":46},"end":{"line":24,"column":86}},"line":24},"4":{"name":"(anonymous_4)","decl":{"start":{"line":28,"column":25},"end":{"line":28,"column":26}},"loc":{"start":{"line":28,"column":31},"end":{"line":90,"column":1}},"line":28},"5":{"name":"(anonymous_5)","decl":{"start":{"line":34,"column":4},"end":{"line":34,"column":5}},"loc":{"start":{"line":34,"column":10},"end":{"line":34,"column":67}},"line":34},"6":{"name":"(anonymous_6)","decl":{"start":{"line":52,"column":22},"end":{"line":52,"column":23}},"loc":{"start":{"line":52,"column":94},"end":{"line":56,"column":3}},"line":52},"7":{"name":"(anonymous_7)","decl":{"start":{"line":65,"column":21},"end":{"line":65,"column":22}},"loc":{"start":{"line":65,"column":33},"end":{"line":65,"column":93}},"line":65},"8":{"name":"(anonymous_8)","decl":{"start":{"line":66,"column":24},"end":{"line":66,"column":25}},"loc":{"start":{"line":66,"column":36},"end":{"line":66,"column":47}},"line":66}},"branchMap":{"0":{"loc":{"start":{"line":22,"column":16},"end":{"line":22,"column":95}},"type":"binary-expr","locations":[{"start":{"line":22,"column":16},"end":{"line":22,"column":90}},{"start":{"line":22,"column":94},"end":{"line":22,"column":95}}],"line":22},"1":{"loc":{"start":{"line":23,"column":16},"end":{"line":23,"column":95}},"type":"binary-expr","locations":[{"start":{"line":23,"column":16},"end":{"line":23,"column":90}},{"start":{"line":23,"column":94},"end":{"line":23,"column":95}}],"line":23},"2":{"loc":{"start":{"line":24,"column":18},"end":{"line":24,"column":99}},"type":"binary-expr","locations":[{"start":{"line":24,"column":18},"end":{"line":24,"column":94}},{"start":{"line":24,"column":98},"end":{"line":24,"column":99}}],"line":24},"3":{"loc":{"start":{"line":47,"column":9},"end":{"line":47,"column":26}},"type":"binary-expr","locations":[{"start":{"line":47,"column":9},"end":{"line":47,"column":13}},{"start":{"line":47,"column":17},"end":{"line":47,"column":26}}],"line":47},"4":{"loc":{"start":{"line":53,"column":22},"end":{"line":53,"column":39}},"type":"binary-expr","locations":[{"start":{"line":53,"column":22},"end":{"line":53,"column":33}},{"start":{"line":53,"column":37},"end":{"line":53,"column":39}}],"line":53},"5":{"loc":{"start":{"line":55,"column":4},"end":{"line":55,"column":45}},"type":"binary-expr","locations":[{"start":{"line":55,"column":4},"end":{"line":55,"column":25}},{"start":{"line":55,"column":29},"end":{"line":55,"column":45}}],"line":55}},"s":{"0":0,"1":0,"2":0,"3":0,"4":0,"5":0,"6":0,"7":0,"8":0,"9":0,"10":0,"11":0,"12":0,"13":0,"14":0,"15":0,"16":0,"17":0,"18":0,"19":0,"20":0,"21":0,"22":0,"23":0,"24":0,"25":0,"26":0,"27":0},"f":{"0":0,"1":0,"2":0,"3":0,"4":0,"5":0,"6":0,"7":0,"8":0},"b":{"0":[0,0],"1":[0,0],"2":[0,0],"3":[0,0],"4":[0,0],"5":[0,0]}}
,"/home/artem/projects/React/tech_assessment_cra/src/components/questionsanswers/index.tsx": {"path":"/home/artem/projects/React/tech_assessment_cra/src/components/questionsanswers/index.tsx","statementMap":{"0":{"start":{"line":13,"column":23},"end":{"line":30,"column":1}},"1":{"start":{"line":14,"column":14},"end":{"line":14,"column":36}},"2":{"start":{"line":16,"column":2},"end":{"line":21,"column":3}},"3":{"start":{"line":17,"column":4},"end":{"line":17,"column":32}},"4":{"start":{"line":19,"column":4},"end":{"line":19,"column":21}},"5":{"start":{"line":20,"column":4},"end":{"line":20,"column":16}},"6":{"start":{"line":23,"column":19},"end":{"line":23,"column":41}},"7":{"start":{"line":24,"column":2},"end":{"line":29,"column":3}},"8":{"start":{"line":25,"column":4},"end":{"line":25,"column":36}},"9":{"start":{"line":27,"column":4},"end":{"line":27,"column":37}},"10":{"start":{"line":28,"column":4},"end":{"line":28,"column":16}},"11":{"start":{"line":32,"column":25},"end":{"line":58,"column":1}},"12":{"start":{"line":33,"column":23},"end":{"line":33,"column":46}},"13":{"start":{"line":34,"column":32},"end":{"line":34,"column":58}},"14":{"start":{"line":35,"column":49},"end":{"line":35,"column":77}},"15":{"start":{"line":37,"column":2},"end":{"line":46,"column":58}},"16":{"start":{"line":38,"column":21},"end":{"line":38,"column":40}},"17":{"start":{"line":39,"column":4},"end":{"line":45,"column":5}},"18":{"start":{"line":40,"column":6},"end":{"line":44,"column":9}},"19":{"start":{"line":41,"column":8},"end":{"line":41,"column":48}},"20":{"start":{"line":42,"column":8},"end":{"line":42,"column":42}},"21":{"start":{"line":43,"column":8},"end":{"line":43,"column":30}},"22":{"start":{"line":48,"column":2},"end":{"line":57,"column":4}}},"fnMap":{"0":{"name":"(anonymous_0)","decl":{"start":{"line":13,"column":23},"end":{"line":13,"column":24}},"loc":{"start":{"line":13,"column":79},"end":{"line":30,"column":1}},"line":13},"1":{"name":"(anonymous_1)","decl":{"start":{"line":32,"column":25},"end":{"line":32,"column":26}},"loc":{"start":{"line":32,"column":44},"end":{"line":58,"column":1}},"line":32},"2":{"name":"(anonymous_2)","decl":{"start":{"line":37,"column":12},"end":{"line":37,"column":13}},"loc":{"start":{"line":37,"column":18},"end":{"line":46,"column":3}},"line":37},"3":{"name":"(anonymous_3)","decl":{"start":{"line":40,"column":36},"end":{"line":40,"column":37}},"loc":{"start":{"line":40,"column":46},"end":{"line":44,"column":7}},"line":40}},"branchMap":{"0":{"loc":{"start":{"line":24,"column":2},"end":{"line":29,"column":3}},"type":"if","locations":[{"start":{"line":24,"column":2},"end":{"line":29,"column":3}},{"start":{"line":26,"column":9},"end":{"line":29,"column":3}}],"line":24},"1":{"loc":{"start":{"line":39,"column":4},"end":{"line":45,"column":5}},"type":"if","locations":[{"start":{"line":39,"column":4},"end":{"line":45,"column":5}},{"start":{},"end":{}}],"line":39},"2":{"loc":{"start":{"line":41,"column":30},"end":{"line":41,"column":47}},"type":"binary-expr","locations":[{"start":{"line":41,"column":30},"end":{"line":41,"column":34}},{"start":{"line":41,"column":38},"end":{"line":41,"column":47}}],"line":41}},"s":{"0":0,"1":0,"2":0,"3":0,"4":0,"5":0,"6":0,"7":0,"8":0,"9":0,"10":0,"11":0,"12":0,"13":0,"14":0,"15":0,"16":0,"17":0,"18":0,"19":0,"20":0,"21":0,"22":0},"f":{"0":0,"1":0,"2":0,"3":0},"b":{"0":[0,0],"1":[0,0],"2":[0,0]}}
,"/home/artem/projects/React/tech_assessment_cra/src/components/questionsanswers/quizitem/index.tsx": {"path":"/home/artem/projects/React/tech_assessment_cra/src/components/questionsanswers/quizitem/index.tsx","statementMap":{"0":{"start":{"line":20,"column":24},"end":{"line":125,"column":1}},"1":{"start":{"line":21,"column":25},"end":{"line":21,"column":51}},"2":{"start":{"line":22,"column":23},"end":{"line":22,"column":46}},"3":{"start":{"line":23,"column":11},"end":{"line":23,"column":27}},"4":{"start":{"line":24,"column":22},"end":{"line":24,"column":40}},"5":{"start":{"line":25,"column":39},"end":{"line":25,"column":43}},"6":{"start":{"line":26,"column":27},"end":{"line":26,"column":89}},"7":{"start":{"line":27,"column":2},"end":{"line":30,"column":3}},"8":{"start":{"line":28,"column":4},"end":{"line":28,"column":44}},"9":{"start":{"line":29,"column":4},"end":{"line":29,"column":46}},"10":{"start":{"line":31,"column":20},"end":{"line":31,"column":46}},"11":{"start":{"line":32,"column":19},"end":{"line":35,"column":14}},"12":{"start":{"line":37,"column":19},"end":{"line":47,"column":3}},"13":{"start":{"line":38,"column":4},"end":{"line":46,"column":6}},"14":{"start":{"line":39,"column":6},"end":{"line":39,"column":55}},"15":{"start":{"line":39,"column":48},"end":{"line":39,"column":55}},"16":{"start":{"line":40,"column":6},"end":{"line":40,"column":29}},"17":{"start":{"line":41,"column":44},"end":{"line":44,"column":7}},"18":{"start":{"line":45,"column":6},"end":{"line":45,"column":67}},"19":{"start":{"line":49,"column":33},"end":{"line":49,"column":37}},"20":{"start":{"line":50,"column":2},"end":{"line":50,"column":71}},"21":{"start":{"line":50,"column":46},"end":{"line":50,"column":71}},"22":{"start":{"line":51,"column":2},"end":{"line":51,"column":67}},"23":{"start":{"line":51,"column":46},"end":{"line":51,"column":67}},"24":{"start":{"line":52,"column":25},"end":{"line":52,"column":61}},"25":{"start":{"line":54,"column":25},"end":{"line":58,"column":4}},"26":{"start":{"line":60,"column":19},"end":{"line":60,"column":42}},"27":{"start":{"line":61,"column":22},"end":{"line":61,"column":97}},"28":{"start":{"line":62,"column":22},"end":{"line":62,"column":97}},"29":{"start":{"line":64,"column":2},"end":{"line":124,"column":4}},"30":{"start":{"line":78,"column":14},"end":{"line":80,"column":22}},"31":{"start":{"line":82,"column":14},"end":{"line":84,"column":22}},"32":{"start":{"line":85,"column":38},"end":{"line":87,"column":58}},"33":{"start":{"line":88,"column":12},"end":{"line":116,"column":14}}},"fnMap":{"0":{"name":"(anonymous_0)","decl":{"start":{"line":20,"column":24},"end":{"line":20,"column":25}},"loc":{"start":{"line":20,"column":92},"end":{"line":125,"column":1}},"line":20},"1":{"name":"(anonymous_1)","decl":{"start":{"line":37,"column":19},"end":{"line":37,"column":20}},"loc":{"start":{"line":37,"column":59},"end":{"line":47,"column":3}},"line":37},"2":{"name":"(anonymous_2)","decl":{"start":{"line":38,"column":11},"end":{"line":38,"column":12}},"loc":{"start":{"line":38,"column":17},"end":{"line":46,"column":5}},"line":38},"3":{"name":"(anonymous_3)","decl":{"start":{"line":76,"column":32},"end":{"line":76,"column":33}},"loc":{"start":{"line":76,"column":51},"end":{"line":117,"column":11}},"line":76}},"branchMap":{"0":{"loc":{"start":{"line":27,"column":2},"end":{"line":30,"column":3}},"type":"if","locations":[{"start":{"line":27,"column":2},"end":{"line":30,"column":3}},{"start":{},"end":{}}],"line":27},"1":{"loc":{"start":{"line":39,"column":6},"end":{"line":39,"column":55}},"type":"if","locations":[{"start":{"line":39,"column":6},"end":{"line":39,"column":55}},{"start":{},"end":{}}],"line":39},"2":{"loc":{"start":{"line":42,"column":16},"end":{"line":42,"column":82}},"type":"cond-expr","locations":[{"start":{"line":42,"column":39},"end":{"line":42,"column":59}},{"start":{"line":42,"column":62},"end":{"line":42,"column":82}}],"line":42},"3":{"loc":{"start":{"line":50,"column":2},"end":{"line":50,"column":71}},"type":"if","locations":[{"start":{"line":50,"column":2},"end":{"line":50,"column":71}},{"start":{},"end":{}}],"line":50},"4":{"loc":{"start":{"line":51,"column":2},"end":{"line":51,"column":67}},"type":"if","locations":[{"start":{"line":51,"column":2},"end":{"line":51,"column":67}},{"start":{},"end":{}}],"line":51},"5":{"loc":{"start":{"line":78,"column":14},"end":{"line":80,"column":22}},"type":"cond-expr","locations":[{"start":{"line":79,"column":16},"end":{"line":79,"column":49}},{"start":{"line":80,"column":18},"end":{"line":80,"column":22}}],"line":78},"6":{"loc":{"start":{"line":78,"column":14},"end":{"line":78,"column":81}},"type":"binary-expr","locations":[{"start":{"line":78,"column":14},"end":{"line":78,"column":52}},{"start":{"line":78,"column":56},"end":{"line":78,"column":81}}],"line":78},"7":{"loc":{"start":{"line":82,"column":14},"end":{"line":84,"column":22}},"type":"cond-expr","locations":[{"start":{"line":83,"column":16},"end":{"line":83,"column":45}},{"start":{"line":84,"column":18},"end":{"line":84,"column":22}}],"line":82},"8":{"loc":{"start":{"line":82,"column":14},"end":{"line":82,"column":81}},"type":"binary-expr","locations":[{"start":{"line":82,"column":14},"end":{"line":82,"column":52}},{"start":{"line":82,"column":56},"end":{"line":82,"column":81}}],"line":82},"9":{"loc":{"start":{"line":100,"column":33},"end":{"line":100,"column":79}},"type":"binary-expr","locations":[{"start":{"line":100,"column":34},"end":{"line":100,"column":50}},{"start":{"line":100,"column":54},"end":{"line":100,"column":69}},{"start":{"line":100,"column":74},"end":{"line":100,"column":79}}],"line":100}},"s":{"0":0,"1":0,"2":0,"3":0,"4":0,"5":0,"6":0,"7":0,"8":0,"9":0,"10":0,"11":0,"12":0,"13":0,"14":0,"15":0,"16":0,"17":0,"18":0,"19":0,"20":0,"21":0,"22":0,"23":0,"24":0,"25":0,"26":0,"27":0,"28":0,"29":0,"30":0,"31":0,"32":0,"33":0},"f":{"0":0,"1":0,"2":0,"3":0},"b":{"0":[0,0],"1":[0,0],"2":[0,0],"3":[0,0],"4":[0,0],"5":[0,0],"6":[0,0],"7":[0,0],"8":[0,0],"9":[0,0,0]}}
,"/home/artem/projects/React/tech_assessment_cra/src/components/questionsanswers/sidestepper/index.tsx": {"path":"/home/artem/projects/React/tech_assessment_cra/src/components/questionsanswers/sidestepper/index.tsx","statementMap":{"0":{"start":{"line":21,"column":25},"end":{"line":21,"column":51}},"1":{"start":{"line":22,"column":19},"end":{"line":22,"column":47}},"2":{"start":{"line":23,"column":55},"end":{"line":23,"column":78}},"3":{"start":{"line":24,"column":26},"end":{"line":24,"column":51}},"4":{"start":{"line":25,"column":2},"end":{"line":30,"column":24}},"5":{"start":{"line":26,"column":15},"end":{"line":26,"column":48}},"6":{"start":{"line":27,"column":4},"end":{"line":27,"column":47}},"7":{"start":{"line":27,"column":40},"end":{"line":27,"column":47}},"8":{"start":{"line":28,"column":14},"end":{"line":28,"column":70}},"9":{"start":{"line":29,"column":4},"end":{"line":29,"column":52}},"10":{"start":{"line":32,"column":2},"end":{"line":32,"column":30}},"11":{"start":{"line":32,"column":18},"end":{"line":32,"column":30}},"12":{"start":{"line":33,"column":2},"end":{"line":62,"column":4}},"13":{"start":{"line":37,"column":35},"end":{"line":37,"column":97}},"14":{"start":{"line":38,"column":41},"end":{"line":38,"column":45}},"15":{"start":{"line":39,"column":10},"end":{"line":39,"column":82}},"16":{"start":{"line":39,"column":57},"end":{"line":39,"column":82}},"17":{"start":{"line":40,"column":10},"end":{"line":40,"column":78}},"18":{"start":{"line":40,"column":57},"end":{"line":40,"column":78}},"19":{"start":{"line":41,"column":37},"end":{"line":41,"column":94}},"20":{"start":{"line":42,"column":10},"end":{"line":58,"column":12}},"21":{"start":{"line":45,"column":29},"end":{"line":45,"column":59}},"22":{"start":{"line":48,"column":16},"end":{"line":48,"column":57}}},"fnMap":{"0":{"name":"VerticalLinearStepper","decl":{"start":{"line":20,"column":24},"end":{"line":20,"column":45}},"loc":{"start":{"line":20,"column":83},"end":{"line":63,"column":1}},"line":20},"1":{"name":"(anonymous_1)","decl":{"start":{"line":25,"column":12},"end":{"line":25,"column":13}},"loc":{"start":{"line":25,"column":18},"end":{"line":30,"column":3}},"line":25},"2":{"name":"(anonymous_2)","decl":{"start":{"line":36,"column":23},"end":{"line":36,"column":24}},"loc":{"start":{"line":36,"column":40},"end":{"line":59,"column":9}},"line":36},"3":{"name":"(anonymous_3)","decl":{"start":{"line":45,"column":23},"end":{"line":45,"column":24}},"loc":{"start":{"line":45,"column":29},"end":{"line":45,"column":59}},"line":45},"4":{"name":"(anonymous_4)","decl":{"start":{"line":47,"column":19},"end":{"line":47,"column":20}},"loc":{"start":{"line":47,"column":29},"end":{"line":49,"column":15}},"line":47}},"branchMap":{"0":{"loc":{"start":{"line":24,"column":26},"end":{"line":24,"column":51}},"type":"binary-expr","locations":[{"start":{"line":24,"column":26},"end":{"line":24,"column":46}},{"start":{"line":24,"column":50},"end":{"line":24,"column":51}}],"line":24},"1":{"loc":{"start":{"line":27,"column":4},"end":{"line":27,"column":47}},"type":"if","locations":[{"start":{"line":27,"column":4},"end":{"line":27,"column":47}},{"start":{},"end":{}}],"line":27},"2":{"loc":{"start":{"line":27,"column":8},"end":{"line":27,"column":38}},"type":"binary-expr","locations":[{"start":{"line":27,"column":8},"end":{"line":27,"column":11}},{"start":{"line":27,"column":15},"end":{"line":27,"column":38}}],"line":27},"3":{"loc":{"start":{"line":32,"column":2},"end":{"line":32,"column":30}},"type":"if","locations":[{"start":{"line":32,"column":2},"end":{"line":32,"column":30}},{"start":{},"end":{}}],"line":32},"4":{"loc":{"start":{"line":39,"column":10},"end":{"line":39,"column":82}},"type":"if","locations":[{"start":{"line":39,"column":10},"end":{"line":39,"column":82}},{"start":{},"end":{}}],"line":39},"5":{"loc":{"start":{"line":40,"column":10},"end":{"line":40,"column":78}},"type":"if","locations":[{"start":{"line":40,"column":10},"end":{"line":40,"column":78}},{"start":{},"end":{}}],"line":40},"6":{"loc":{"start":{"line":41,"column":37},"end":{"line":41,"column":94}},"type":"cond-expr","locations":[{"start":{"line":41,"column":65},"end":{"line":41,"column":87}},{"start":{"line":41,"column":90},"end":{"line":41,"column":94}}],"line":41},"7":{"loc":{"start":{"line":48,"column":16},"end":{"line":48,"column":56}},"type":"binary-expr","locations":[{"start":{"line":48,"column":16},"end":{"line":48,"column":20}},{"start":{"line":48,"column":25},"end":{"line":48,"column":55}}],"line":48}},"s":{"0":0,"1":0,"2":0,"3":0,"4":0,"5":0,"6":0,"7":0,"8":0,"9":0,"10":0,"11":0,"12":0,"13":0,"14":0,"15":0,"16":0,"17":0,"18":0,"19":0,"20":0,"21":0,"22":0},"f":{"0":0,"1":0,"2":0,"3":0,"4":0},"b":{"0":[0,0],"1":[0,0],"2":[0,0],"3":[0,0],"4":[0,0],"5":[0,0],"6":[0,0],"7":[0,0]}}
,"/home/artem/projects/React/tech_assessment_cra/src/components/questionsanswers/stepper/index.tsx": {"path":"/home/artem/projects/React/tech_assessment_cra/src/components/questionsanswers/stepper/index.tsx","statementMap":{"0":{"start":{"line":19,"column":16},"end":{"line":19,"column":26}},"1":{"start":{"line":20,"column":21},"end":{"line":20,"column":59}},"2":{"start":{"line":21,"column":55},"end":{"line":21,"column":78}},"3":{"start":{"line":23,"column":33},"end":{"line":23,"column":58}},"4":{"start":{"line":24,"column":19},"end":{"line":24,"column":41}},"5":{"start":{"line":26,"column":2},"end":{"line":28,"column":31}},"6":{"start":{"line":27,"column":4},"end":{"line":27,"column":32}},"7":{"start":{"line":30,"column":21},"end":{"line":32,"column":3}},"8":{"start":{"line":31,"column":4},"end":{"line":31,"column":56}},"9":{"start":{"line":34,"column":21},"end":{"line":36,"column":3}},"10":{"start":{"line":35,"column":4},"end":{"line":35,"column":56}},"11":{"start":{"line":38,"column":2},"end":{"line":38,"column":30}},"12":{"start":{"line":38,"column":18},"end":{"line":38,"column":30}},"13":{"start":{"line":40,"column":2},"end":{"line":94,"column":4}},"14":{"start":{"line":77,"column":18},"end":{"line":77,"column":61}}},"fnMap":{"0":{"name":"Stepper","decl":{"start":{"line":18,"column":24},"end":{"line":18,"column":31}},"loc":{"start":{"line":18,"column":69},"end":{"line":95,"column":1}},"line":18},"1":{"name":"(anonymous_1)","decl":{"start":{"line":26,"column":12},"end":{"line":26,"column":13}},"loc":{"start":{"line":26,"column":18},"end":{"line":28,"column":3}},"line":26},"2":{"name":"(anonymous_2)","decl":{"start":{"line":30,"column":21},"end":{"line":30,"column":22}},"loc":{"start":{"line":30,"column":27},"end":{"line":32,"column":3}},"line":30},"3":{"name":"(anonymous_3)","decl":{"start":{"line":34,"column":21},"end":{"line":34,"column":22}},"loc":{"start":{"line":34,"column":27},"end":{"line":36,"column":3}},"line":34},"4":{"name":"(anonymous_4)","decl":{"start":{"line":76,"column":25},"end":{"line":76,"column":26}},"loc":{"start":{"line":76,"column":38},"end":{"line":78,"column":17}},"line":76}},"branchMap":{"0":{"loc":{"start":{"line":23,"column":33},"end":{"line":23,"column":58}},"type":"binary-expr","locations":[{"start":{"line":23,"column":33},"end":{"line":23,"column":53}},{"start":{"line":23,"column":57},"end":{"line":23,"column":58}}],"line":23},"1":{"loc":{"start":{"line":24,"column":19},"end":{"line":24,"column":41}},"type":"binary-expr","locations":[{"start":{"line":24,"column":19},"end":{"line":24,"column":36}},{"start":{"line":24,"column":40},"end":{"line":24,"column":41}}],"line":24},"2":{"loc":{"start":{"line":38,"column":2},"end":{"line":38,"column":30}},"type":"if","locations":[{"start":{"line":38,"column":2},"end":{"line":38,"column":30}},{"start":{},"end":{}}],"line":38},"3":{"loc":{"start":{"line":81,"column":17},"end":{"line":81,"column":91}},"type":"cond-expr","locations":[{"start":{"line":81,"column":45},"end":{"line":81,"column":66}},{"start":{"line":81,"column":69},"end":{"line":81,"column":91}}],"line":81},"4":{"loc":{"start":{"line":86,"column":17},"end":{"line":86,"column":91}},"type":"cond-expr","locations":[{"start":{"line":86,"column":45},"end":{"line":86,"column":67}},{"start":{"line":86,"column":70},"end":{"line":86,"column":91}}],"line":86}},"s":{"0":0,"1":0,"2":0,"3":0,"4":0,"5":0,"6":0,"7":0,"8":0,"9":0,"10":0,"11":0,"12":0,"13":0,"14":0},"f":{"0":0,"1":0,"2":0,"3":0,"4":0},"b":{"0":[0,0],"1":[0,0],"2":[0,0],"3":[0,0],"4":[0,0]}}
,"/home/artem/projects/React/tech_assessment_cra/src/context/langs.tsx": {"path":"/home/artem/projects/React/tech_assessment_cra/src/context/langs.tsx","statementMap":{"0":{"start":{"line":6,"column":18},"end":{"line":6,"column":53}},"1":{"start":{"line":8,"column":27},"end":{"line":11,"column":2}},"2":{"start":{"line":13,"column":28},"end":{"line":18,"column":1}},"3":{"start":{"line":14,"column":30},"end":{"line":14,"column":60}},"4":{"start":{"line":15,"column":17},"end":{"line":15,"column":57}},"5":{"start":{"line":15,"column":44},"end":{"line":15,"column":57}},"6":{"start":{"line":17,"column":2},"end":{"line":17,"column":94}}},"fnMap":{"0":{"name":"(anonymous_0)","decl":{"start":{"line":10,"column":10},"end":{"line":10,"column":11}},"loc":{"start":{"line":10,"column":16},"end":{"line":10,"column":18}},"line":10},"1":{"name":"(anonymous_1)","decl":{"start":{"line":13,"column":28},"end":{"line":13,"column":29}},"loc":{"start":{"line":13,"column":54},"end":{"line":18,"column":1}},"line":13},"2":{"name":"(anonymous_2)","decl":{"start":{"line":15,"column":17},"end":{"line":15,"column":18}},"loc":{"start":{"line":15,"column":44},"end":{"line":15,"column":57}},"line":15}},"branchMap":{},"s":{"0":0,"1":0,"2":0,"3":0,"4":0,"5":0,"6":0},"f":{"0":0,"1":0,"2":0},"b":{}}
,"/home/artem/projects/React/tech_assessment_cra/src/context/questions.tsx": {"path":"/home/artem/projects/React/tech_assessment_cra/src/context/questions.tsx","statementMap":{"0":{"start":{"line":4,"column":32},"end":{"line":7,"column":2}},"1":{"start":{"line":9,"column":33},"end":{"line":16,"column":1}},"2":{"start":{"line":10,"column":36},"end":{"line":10,"column":60}},"3":{"start":{"line":11,"column":17},"end":{"line":11,"column":73}},"4":{"start":{"line":11,"column":50},"end":{"line":11,"column":73}},"5":{"start":{"line":13,"column":2},"end":{"line":15,"column":4}}},"fnMap":{"0":{"name":"(anonymous_0)","decl":{"start":{"line":6,"column":10},"end":{"line":6,"column":11}},"loc":{"start":{"line":6,"column":37},"end":{"line":6,"column":39}},"line":6},"1":{"name":"(anonymous_1)","decl":{"start":{"line":9,"column":33},"end":{"line":9,"column":34}},"loc":{"start":{"line":9,"column":59},"end":{"line":16,"column":1}},"line":9},"2":{"name":"(anonymous_2)","decl":{"start":{"line":11,"column":17},"end":{"line":11,"column":18}},"loc":{"start":{"line":11,"column":50},"end":{"line":11,"column":73}},"line":11}},"branchMap":{},"s":{"0":0,"1":0,"2":0,"3":0,"4":0,"5":0},"f":{"0":0,"1":0,"2":0},"b":{}}
,"/home/artem/projects/React/tech_assessment_cra/src/context/results.tsx": {"path":"/home/artem/projects/React/tech_assessment_cra/src/context/results.tsx","statementMap":{"0":{"start":{"line":4,"column":30},"end":{"line":7,"column":2}},"1":{"start":{"line":9,"column":31},"end":{"line":27,"column":1}},"2":{"start":{"line":10,"column":32},"end":{"line":10,"column":60}},"3":{"start":{"line":11,"column":17},"end":{"line":14,"column":3}},"4":{"start":{"line":12,"column":4},"end":{"line":12,"column":34}},"5":{"start":{"line":13,"column":4},"end":{"line":13,"column":31}},"6":{"start":{"line":15,"column":15},"end":{"line":20,"column":3}},"7":{"start":{"line":16,"column":4},"end":{"line":19,"column":5}},"8":{"start":{"line":17,"column":6},"end":{"line":17,"column":25}},"9":{"start":{"line":18,"column":6},"end":{"line":18,"column":33}},"10":{"start":{"line":22,"column":2},"end":{"line":26,"column":4}}},"fnMap":{"0":{"name":"(anonymous_0)","decl":{"start":{"line":5,"column":10},"end":{"line":5,"column":11}},"loc":{"start":{"line":5,"column":68},"end":{"line":5,"column":70}},"line":5},"1":{"name":"(anonymous_1)","decl":{"start":{"line":6,"column":8},"end":{"line":6,"column":9}},"loc":{"start":{"line":6,"column":26},"end":{"line":6,"column":28}},"line":6},"2":{"name":"(anonymous_2)","decl":{"start":{"line":9,"column":31},"end":{"line":9,"column":32}},"loc":{"start":{"line":9,"column":57},"end":{"line":27,"column":1}},"line":9},"3":{"name":"(anonymous_3)","decl":{"start":{"line":11,"column":17},"end":{"line":11,"column":18}},"loc":{"start":{"line":11,"column":81},"end":{"line":14,"column":3}},"line":11},"4":{"name":"(anonymous_4)","decl":{"start":{"line":15,"column":15},"end":{"line":15,"column":16}},"loc":{"start":{"line":15,"column":33},"end":{"line":20,"column":3}},"line":15}},"branchMap":{"0":{"loc":{"start":{"line":16,"column":4},"end":{"line":19,"column":5}},"type":"if","locations":[{"start":{"line":16,"column":4},"end":{"line":19,"column":5}},{"start":{},"end":{}}],"line":16}},"s":{"0":0,"1":0,"2":0,"3":0,"4":0,"5":0,"6":0,"7":0,"8":0,"9":0,"10":0},"f":{"0":0,"1":0,"2":0,"3":0,"4":0},"b":{"0":[0,0]}}
,"/home/artem/projects/React/tech_assessment_cra/src/context/steps.tsx": {"path":"/home/artem/projects/React/tech_assessment_cra/src/context/steps.tsx","statementMap":{"0":{"start":{"line":9,"column":27},"end":{"line":12,"column":2}},"1":{"start":{"line":14,"column":28},"end":{"line":25,"column":1}},"2":{"start":{"line":15,"column":26},"end":{"line":15,"column":65}},"3":{"start":{"line":16,"column":17},"end":{"line":22,"column":3}},"4":{"start":{"line":17,"column":20},"end":{"line":20,"column":5}},"5":{"start":{"line":21,"column":4},"end":{"line":21,"column":21}},"6":{"start":{"line":24,"column":2},"end":{"line":24,"column":99}}},"fnMap":{"0":{"name":"(anonymous_0)","decl":{"start":{"line":11,"column":11},"end":{"line":11,"column":12}},"loc":{"start":{"line":11,"column":47},"end":{"line":11,"column":49}},"line":11},"1":{"name":"(anonymous_1)","decl":{"start":{"line":14,"column":28},"end":{"line":14,"column":29}},"loc":{"start":{"line":14,"column":54},"end":{"line":25,"column":1}},"line":14},"2":{"name":"(anonymous_2)","decl":{"start":{"line":16,"column":17},"end":{"line":16,"column":18}},"loc":{"start":{"line":16,"column":65},"end":{"line":22,"column":3}},"line":16}},"branchMap":{},"s":{"0":0,"1":0,"2":0,"3":0,"4":0,"5":0,"6":0},"f":{"0":0,"1":0,"2":0},"b":{}}
,"/home/artem/projects/React/tech_assessment_cra/src/context/types.ts": {"path":"/home/artem/projects/React/tech_assessment_cra/src/context/types.ts","statementMap":{},"fnMap":{},"branchMap":{},"s":{},"f":{},"b":{}}
,"/home/artem/projects/React/tech_assessment_cra/src/context/usecontext.tsx": {"path":"/home/artem/projects/React/tech_assessment_cra/src/context/usecontext.tsx","statementMap":{"0":{"start":{"line":9,"column":22},"end":{"line":18,"column":1}},"1":{"start":{"line":20,"column":21},"end":{"line":20,"column":68}},"2":{"start":{"line":22,"column":22},"end":{"line":26,"column":1}},"3":{"start":{"line":23,"column":28},"end":{"line":23,"column":53}},"4":{"start":{"line":24,"column":17},"end":{"line":24,"column":57}},"5":{"start":{"line":24,"column":42},"end":{"line":24,"column":57}},"6":{"start":{"line":25,"column":2},"end":{"line":25,"column":93}}},"fnMap":{"0":{"name":"(anonymous_0)","decl":{"start":{"line":22,"column":22},"end":{"line":22,"column":23}},"loc":{"start":{"line":22,"column":48},"end":{"line":26,"column":1}},"line":22},"1":{"name":"(anonymous_1)","decl":{"start":{"line":24,"column":17},"end":{"line":24,"column":18}},"loc":{"start":{"line":24,"column":42},"end":{"line":24,"column":57}},"line":24}},"branchMap":{},"s":{"0":0,"1":0,"2":0,"3":0,"4":0,"5":0,"6":0},"f":{"0":0,"1":0},"b":{}}
,"/home/artem/projects/React/tech_assessment_cra/src/tools/const.ts": {"path":"/home/artem/projects/React/tech_assessment_cra/src/tools/const.ts","statementMap":{"0":{"start":{"line":9,"column":28},"end":{"line":435,"column":1}}},"fnMap":{},"branchMap":{},"s":{"0":0},"f":{},"b":{}}
,"/home/artem/projects/React/tech_assessment_cra/src/tools/index.ts": {"path":"/home/artem/projects/React/tech_assessment_cra/src/tools/index.ts","statementMap":{"0":{"start":{"line":4,"column":24},"end":{"line":4,"column":30}},"1":{"start":{"line":5,"column":22},"end":{"line":5,"column":27}},"2":{"start":{"line":6,"column":22},"end":{"line":6,"column":27}},"3":{"start":{"line":8,"column":25},"end":{"line":22,"column":1}},"4":{"start":{"line":9,"column":13},"end":{"line":9,"column":24}},"5":{"start":{"line":10,"column":22},"end":{"line":10,"column":57}},"6":{"start":{"line":11,"column":11},"end":{"line":11,"column":35}},"7":{"start":{"line":12,"column":2},"end":{"line":20,"column":3}},"8":{"start":{"line":12,"column":15},"end":{"line":12,"column":16}},"9":{"start":{"line":13,"column":12},"end":{"line":13,"column":17}},"10":{"start":{"line":14,"column":4},"end":{"line":16,"column":5}},"11":{"start":{"line":15,"column":6},"end":{"line":15,"column":25}},"12":{"start":{"line":17,"column":4},"end":{"line":19,"column":5}},"13":{"start":{"line":18,"column":6},"end":{"line":18,"column":48}},"14":{"start":{"line":21,"column":2},"end":{"line":21,"column":12}},"15":{"start":{"line":25,"column":16},"end":{"line":25,"column":18}},"16":{"start":{"line":26,"column":2},"end":{"line":30,"column":3}},"17":{"start":{"line":27,"column":14},"end":{"line":27,"column":24}},"18":{"start":{"line":28,"column":4},"end":{"line":28,"column":58}},"19":{"start":{"line":29,"column":4},"end":{"line":29,"column":43}},"20":{"start":{"line":31,"column":2},"end":{"line":31,"column":69}},"21":{"start":{"line":34,"column":26},"end":{"line":40,"column":1}},"22":{"start":{"line":35,"column":22},"end":{"line":35,"column":54}},"23":{"start":{"line":36,"column":2},"end":{"line":38,"column":3}},"24":{"start":{"line":37,"column":4},"end":{"line":37,"column":26}},"25":{"start":{"line":39,"column":2},"end":{"line":39,"column":14}},"26":{"start":{"line":42,"column":24},"end":{"line":48,"column":1}},"27":{"start":{"line":43,"column":22},"end":{"line":43,"column":46}},"28":{"start":{"line":44,"column":2},"end":{"line":46,"column":3}},"29":{"start":{"line":45,"column":4},"end":{"line":45,"column":26}},"30":{"start":{"line":47,"column":2},"end":{"line":47,"column":14}},"31":{"start":{"line":50,"column":24},"end":{"line":56,"column":1}},"32":{"start":{"line":51,"column":22},"end":{"line":51,"column":49}},"33":{"start":{"line":52,"column":2},"end":{"line":54,"column":3}},"34":{"start":{"line":53,"column":4},"end":{"line":53,"column":16}},"35":{"start":{"line":55,"column":2},"end":{"line":55,"column":15}},"36":{"start":{"line":59,"column":19},"end":{"line":59,"column":36}},"37":{"start":{"line":60,"column":28},"end":{"line":60,"column":30}},"38":{"start":{"line":61,"column":35},"end":{"line":61,"column":39}},"39":{"start":{"line":62,"column":13},"end":{"line":62,"column":37}},"40":{"start":{"line":63,"column":31},"end":{"line":63,"column":35}},"41":{"start":{"line":65,"column":24},"end":{"line":65,"column":89}},"42":{"start":{"line":65,"column":51},"end":{"line":65,"column":89}},"43":{"start":{"line":66,"column":22},"end":{"line":66,"column":89}},"44":{"start":{"line":66,"column":49},"end":{"line":66,"column":89}},"45":{"start":{"line":67,"column":19},"end":{"line":67,"column":84}},"46":{"start":{"line":67,"column":46},"end":{"line":67,"column":84}},"47":{"start":{"line":69,"column":2},"end":{"line":108,"column":5}},"48":{"start":{"line":70,"column":17},"end":{"line":70,"column":31}},"49":{"start":{"line":72,"column":4},"end":{"line":72,"column":36}},"50":{"start":{"line":72,"column":29},"end":{"line":72,"column":36}},"51":{"start":{"line":74,"column":4},"end":{"line":86,"column":5}},"52":{"start":{"line":75,"column":6},"end":{"line":75,"column":65}},"53":{"start":{"line":76,"column":6},"end":{"line":76,"column":20}},"54":{"start":{"line":77,"column":6},"end":{"line":77,"column":45}},"55":{"start":{"line":79,"column":6},"end":{"line":84,"column":8}},"56":{"start":{"line":85,"column":6},"end":{"line":85,"column":38}},"57":{"start":{"line":88,"column":4},"end":{"line":96,"column":5}},"58":{"start":{"line":89,"column":6},"end":{"line":89,"column":65}},"59":{"start":{"line":90,"column":6},"end":{"line":94,"column":8}},"60":{"start":{"line":95,"column":6},"end":{"line":95,"column":37}},"61":{"start":{"line":98,"column":4},"end":{"line":107,"column":5}},"62":{"start":{"line":99,"column":6},"end":{"line":99,"column":93}},"63":{"start":{"line":99,"column":57},"end":{"line":99,"column":93}},"64":{"start":{"line":100,"column":6},"end":{"line":100,"column":81}},"65":{"start":{"line":100,"column":54},"end":{"line":100,"column":81}},"66":{"start":{"line":105,"column":6},"end":{"line":105,"column":96}},"67":{"start":{"line":105,"column":60},"end":{"line":105,"column":96}},"68":{"start":{"line":106,"column":6},"end":{"line":106,"column":96}},"69":{"start":{"line":106,"column":60},"end":{"line":106,"column":96}},"70":{"start":{"line":109,"column":2},"end":{"line":109,"column":34}},"71":{"start":{"line":110,"column":2},"end":{"line":110,"column":14}}},"fnMap":{"0":{"name":"(anonymous_0)","decl":{"start":{"line":8,"column":25},"end":{"line":8,"column":26}},"loc":{"start":{"line":8,"column":52},"end":{"line":22,"column":1}},"line":8},"1":{"name":"setCookie","decl":{"start":{"line":24,"column":16},"end":{"line":24,"column":25}},"loc":{"start":{"line":24,"column":96},"end":{"line":32,"column":1}},"line":24},"2":{"name":"(anonymous_2)","decl":{"start":{"line":34,"column":26},"end":{"line":34,"column":27}},"loc":{"start":{"line":34,"column":52},"end":{"line":40,"column":1}},"line":34},"3":{"name":"(anonymous_3)","decl":{"start":{"line":42,"column":24},"end":{"line":42,"column":25}},"loc":{"start":{"line":42,"column":50},"end":{"line":48,"column":1}},"line":42},"4":{"name":"(anonymous_4)","decl":{"start":{"line":50,"column":24},"end":{"line":50,"column":25}},"loc":{"start":{"line":50,"column":51},"end":{"line":56,"column":1}},"line":50},"5":{"name":"parseRawMDFile","decl":{"start":{"line":58,"column":16},"end":{"line":58,"column":30}},"loc":{"start":{"line":58,"column":59},"end":{"line":111,"column":1}},"line":58},"6":{"name":"(anonymous_6)","decl":{"start":{"line":65,"column":24},"end":{"line":65,"column":25}},"loc":{"start":{"line":65,"column":51},"end":{"line":65,"column":89}},"line":65},"7":{"name":"(anonymous_7)","decl":{"start":{"line":66,"column":22},"end":{"line":66,"column":23}},"loc":{"start":{"line":66,"column":49},"end":{"line":66,"column":89}},"line":66},"8":{"name":"(anonymous_8)","decl":{"start":{"line":67,"column":19},"end":{"line":67,"column":20}},"loc":{"start":{"line":67,"column":46},"end":{"line":67,"column":84}},"line":67},"9":{"name":"(anonymous_9)","decl":{"start":{"line":69,"column":19},"end":{"line":69,"column":20}},"loc":{"start":{"line":69,"column":43},"end":{"line":108,"column":3}},"line":69}},"branchMap":{"0":{"loc":{"start":{"line":17,"column":4},"end":{"line":19,"column":5}},"type":"if","locations":[{"start":{"line":17,"column":4},"end":{"line":19,"column":5}},{"start":{},"end":{}}],"line":17},"1":{"loc":{"start":{"line":24,"column":60},"end":{"line":24,"column":88}},"type":"default-arg","locations":[{"start":{"line":24,"column":84},"end":{"line":24,"column":88}}],"line":24},"2":{"loc":{"start":{"line":26,"column":2},"end":{"line":30,"column":3}},"type":"if","locations":[{"start":{"line":26,"column":2},"end":{"line":30,"column":3}},{"start":{},"end":{}}],"line":26},"3":{"loc":{"start":{"line":36,"column":2},"end":{"line":38,"column":3}},"type":"if","locations":[{"start":{"line":36,"column":2},"end":{"line":38,"column":3}},{"start":{},"end":{}}],"line":36},"4":{"loc":{"start":{"line":36,"column":6},"end":{"line":36,"column":45}},"type":"binary-expr","locations":[{"start":{"line":36,"column":6},"end":{"line":36,"column":17}},{"start":{"line":36,"column":21},"end":{"line":36,"column":45}}],"line":36},"5":{"loc":{"start":{"line":44,"column":2},"end":{"line":46,"column":3}},"type":"if","locations":[{"start":{"line":44,"column":2},"end":{"line":46,"column":3}},{"start":{},"end":{}}],"line":44},"6":{"loc":{"start":{"line":44,"column":6},"end":{"line":44,"column":45}},"type":"binary-expr","locations":[{"start":{"line":44,"column":6},"end":{"line":44,"column":17}},{"start":{"line":44,"column":21},"end":{"line":44,"column":45}}],"line":44},"7":{"loc":{"start":{"line":52,"column":2},"end":{"line":54,"column":3}},"type":"if","locations":[{"start":{"line":52,"column":2},"end":{"line":54,"column":3}},{"start":{},"end":{}}],"line":52},"8":{"loc":{"start":{"line":52,"column":6},"end":{"line":52,"column":43}},"type":"binary-expr","locations":[{"start":{"line":52,"column":6},"end":{"line":52,"column":17}},{"start":{"line":52,"column":21},"end":{"line":52,"column":43}}],"line":52},"9":{"loc":{"start":{"line":72,"column":4},"end":{"line":72,"column":36}},"type":"if","locations":[{"start":{"line":72,"column":4},"end":{"line":72,"column":36}},{"start":{},"end":{}}],"line":72},"10":{"loc":{"start":{"line":74,"column":4},"end":{"line":86,"column":5}},"type":"if","locations":[{"start":{"line":74,"column":4},"end":{"line":86,"column":5}},{"start":{},"end":{}}],"line":74},"11":{"loc":{"start":{"line":75,"column":6},"end":{"line":75,"column":64}},"type":"binary-expr","locations":[{"start":{"line":75,"column":6},"end":{"line":75,"column":14}},{"start":{"line":75,"column":18},"end":{"line":75,"column":24}},{"start":{"line":75,"column":28},"end":{"line":75,"column":64}}],"line":75},"12":{"loc":{"start":{"line":77,"column":6},"end":{"line":77,"column":44}},"type":"binary-expr","locations":[{"start":{"line":77,"column":6},"end":{"line":77,"column":14}},{"start":{"line":77,"column":18},"end":{"line":77,"column":44}}],"line":77},"13":{"loc":{"start":{"line":88,"column":4},"end":{"line":96,"column":5}},"type":"if","locations":[{"start":{"line":88,"column":4},"end":{"line":96,"column":5}},{"start":{},"end":{}}],"line":88},"14":{"loc":{"start":{"line":89,"column":6},"end":{"line":89,"column":64}},"type":"binary-expr","locations":[{"start":{"line":89,"column":6},"end":{"line":89,"column":14}},{"start":{"line":89,"column":18},"end":{"line":89,"column":24}},{"start":{"line":89,"column":28},"end":{"line":89,"column":64}}],"line":89},"15":{"loc":{"start":{"line":98,"column":4},"end":{"line":107,"column":5}},"type":"if","locations":[{"start":{"line":98,"column":4},"end":{"line":107,"column":5}},{"start":{},"end":{}}],"line":98},"16":{"loc":{"start":{"line":98,"column":8},"end":{"line":98,"column":45}},"type":"binary-expr","locations":[{"start":{"line":98,"column":8},"end":{"line":98,"column":23}},{"start":{"line":98,"column":27},"end":{"line":98,"column":45}}],"line":98},"17":{"loc":{"start":{"line":99,"column":6},"end":{"line":99,"column":93}},"type":"if","locations":[{"start":{"line":99,"column":6},"end":{"line":99,"column":93}},{"start":{},"end":{}}],"line":99},"18":{"loc":{"start":{"line":99,"column":10},"end":{"line":99,"column":55}},"type":"binary-expr","locations":[{"start":{"line":99,"column":10},"end":{"line":99,"column":18}},{"start":{"line":99,"column":22},"end":{"line":99,"column":55}}],"line":99},"19":{"loc":{"start":{"line":100,"column":6},"end":{"line":100,"column":81}},"type":"if","locations":[{"start":{"line":100,"column":6},"end":{"line":100,"column":81}},{"start":{},"end":{}}],"line":100},"20":{"loc":{"start":{"line":100,"column":10},"end":{"line":100,"column":52}},"type":"binary-expr","locations":[{"start":{"line":100,"column":10},"end":{"line":100,"column":42}},{"start":{"line":100,"column":46},"end":{"line":100,"column":52}}],"line":100},"21":{"loc":{"start":{"line":105,"column":6},"end":{"line":105,"column":96}},"type":"if","locations":[{"start":{"line":105,"column":6},"end":{"line":105,"column":96}},{"start":{},"end":{}}],"line":105},"22":{"loc":{"start":{"line":105,"column":10},"end":{"line":105,"column":58}},"type":"binary-expr","locations":[{"start":{"line":105,"column":10},"end":{"line":105,"column":18}},{"start":{"line":105,"column":22},"end":{"line":105,"column":58}}],"line":105},"23":{"loc":{"start":{"line":106,"column":6},"end":{"line":106,"column":96}},"type":"if","locations":[{"start":{"line":106,"column":6},"end":{"line":106,"column":96}},{"start":{},"end":{}}],"line":106},"24":{"loc":{"start":{"line":106,"column":10},"end":{"line":106,"column":58}},"type":"binary-expr","locations":[{"start":{"line":106,"column":10},"end":{"line":106,"column":18}},{"start":{"line":106,"column":22},"end":{"line":106,"column":58}}],"line":106},"25":{"loc":{"start":{"line":109,"column":2},"end":{"line":109,"column":33}},"type":"binary-expr","locations":[{"start":{"line":109,"column":2},"end":{"line":109,"column":10}},{"start":{"line":109,"column":14},"end":{"line":109,"column":33}}],"line":109}},"s":{"0":0,"1":0,"2":0,"3":0,"4":0,"5":0,"6":0,"7":0,"8":0,"9":0,"10":0,"11":0,"12":0,"13":0,"14":0,"15":0,"16":0,"17":0,"18":0,"19":0,"20":0,"21":0,"22":0,"23":0,"24":0,"25":0,"26":0,"27":0,"28":0,"29":0,"30":0,"31":0,"32":0,"33":0,"34":0,"35":0,"36":0,"37":0,"38":0,"39":0,"40":0,"41":0,"42":0,"43":0,"44":0,"45":0,"46":0,"47":0,"48":0,"49":0,"50":0,"51":0,"52":0,"53":0,"54":0,"55":0,"56":0,"57":0,"58":0,"59":0,"60":0,"61":0,"62":0,"63":0,"64":0,"65":0,"66":0,"67":0,"68":0,"69":0,"70":0,"71":0},"f":{"0":0,"1":0,"2":0,"3":0,"4":0,"5":0,"6":0,"7":0,"8":0,"9":0},"b":{"0":[0,0],"1":[0],"2":[0,0],"3":[0,0],"4":[0,0],"5":[0,0],"6":[0,0],"7":[0,0],"8":[0,0],"9":[0,0],"10":[0,0],"11":[0,0,0],"12":[0,0],"13":[0,0],"14":[0,0,0],"15":[0,0],"16":[0,0],"17":[0,0],"18":[0,0],"19":[0,0],"20":[0,0],"21":[0,0],"22":[0,0],"23":[0,0],"24":[0,0],"25":[0,0]}}
}
